<?xml version="1.0" encoding="UTF-8"?>
<testExecutions version="1">
  <file path="/home/gabriele/Scrivania/PULSeBS_Group1/server/__tests__/unit_tests/Course.test.js">
    <testCase name="get a course given his ID" duration="5"/>
    <testCase name="get a course given a wrong ID" duration="1"/>
  </file>
</testExecutions>