<?xml version="1.0" encoding="UTF-8"?>
<testExecutions version="1">
  <file path="D:\Desktop\se2\setest\PULSeBS_Group1\server\__tests__\unit_tests\components.test.js">
    <testCase name="Booking constructor" duration="15"/>
    <testCase name="Course constructor" duration="1"/>
    <testCase name="Lecture constructor" duration="6"/>
    <testCase name="User constructor" duration="2"/>
  </file>
  <file path="D:\Desktop\se2\setest\PULSeBS_Group1\server\__tests__\unit_tests\Course.test.js">
    <testCase name="get a course given his ID" duration="7"/>
    <testCase name="get a course given a non existing ID" duration="1"/>
    <testCase name="get a course given an ID but an error in the service occours" duration="2"/>
    <testCase name="get courses given student ID" duration="1"/>
    <testCase name="get courses given wrong student ID" duration="1"/>
    <testCase name="get courses given student ID but simulate db error" duration="1"/>
    <testCase name="get lectures with bookings number given teacherId and CourseID" duration="2"/>
  </file>
  <file path="D:\Desktop\se2\setest\PULSeBS_Group1\server\__tests__\unit_tests\service.test.js">
    <testCase name="AuthenticationService Test Testing getUserById" duration="5"/>
    <testCase name="AuthenticationService Test Testing checkPassword" duration="173"/>
    <testCase name="BookingsService Testing getBookings" duration="2"/>
    <testCase name="BookingsService Testing apiBookingsPOST" duration="0"/>
    <testCase name="BookingsService Testing apiBookingsDelete" duration="1"/>
    <testCase name="CourseService Test Testing getCourseById" duration="1"/>
    <testCase name="CourseService Test Testing getStudentCourses" duration="0"/>
    <testCase name="CourseService Test Testing getCourseByTeacherID" duration="1"/>
    <testCase name="LecturesService Test getLectures" duration="1"/>
    <testCase name="LecturesService Test getLectureById" duration="1"/>
    <testCase name="LecturesService Test deleteLectureById" duration="1"/>
  </file>
  <file path="D:\Desktop\se2\setest\PULSeBS_Group1\server\__tests__\unit_tests\Email.test.js">
    <testCase name="sending email" duration="4"/>
    <testCase name="sending email with wrong message obj" duration="1"/>
    <testCase name="sending email by Lecture Id" duration="40"/>
  </file>
  <file path="D:\Desktop\se2\setest\PULSeBS_Group1\server\__tests__\unit_tests\Lectures.test.js">
    <testCase name="get all lectures test" duration="6"/>
    <testCase name="get all lectures test given a CourseID" duration="1"/>
    <testCase name="get all lectures given a non existing courseId" duration="1"/>
    <testCase name="get all lectures but an error occours in the db" duration="1"/>
    <testCase name="get all lectures available to a teacher" duration="2"/>
    <testCase name="get all lectures available to a teacher with no courses" duration="1"/>
    <testCase name="get all lectures available to a teacher but an error occurs in getCourseByTeacherID" duration="1"/>
    <testCase name="get all lectures available to a teacher but an error occurs in getLecture" duration="1"/>
    <testCase name="get all lectures available to a teacher with a course with no lectures" duration="1"/>
    <testCase name="delete a lecture by id and in time" duration="34"/>
    <testCase name="delete a lecture by id and not in time" duration="1"/>
    <testCase name="delete a non existing lecture" duration="1"/>
    <testCase name="delete lecture but an error occours in db when search for a lecture" duration="0"/>
    <testCase name="delete a lecture but an error occours in db when deleting it" duration="1"/>
    <testCase name="Testing deadlineNotification test without errors" duration="2"/>
    <testCase name="Testing deadlineNotification test with email error" duration="2"/>
    <testCase name="Testing deadlineNotification test with bookings error" duration="1"/>
    <testCase name="Testing deadlineNotification test with lectures error" duration="1"/>
    <testCase name="Testing deadlineNotification test with courses error" duration="1"/>
    <testCase name="online a lecture by id should return 200 status code" duration="2"/>
    <testCase name="online a lecture by id should error when the lecture is less than 30 minutes away" duration="1"/>
  </file>
  <file path="D:\Desktop\se2\setest\PULSeBS_Group1\server\__tests__\unit_tests\Bookings.test.js">
    <testCase name="get all bookings given a lectureId" duration="4"/>
    <testCase name="get all bookings given a lectureId but an error occours in db" duration="1"/>
    <testCase name="get all bookings given a lectureId without bookings" duration="1"/>
    <testCase name="add a booking to a lecture" duration="7"/>
    <testCase name="add a booking to a lecture that does not exist" duration="0"/>
    <testCase name="add a booking to a lecture that is after the deadline" duration="1"/>
    <testCase name="add a booking to a lecture but an error in db occours when finding it" duration="0"/>
    <testCase name="add a booking to a lecture but an error in db occours when I try to save the booking in db" duration="1"/>
    <testCase name="delete a booking given studentId and LectureId" duration="12">
      <failure message="TypeError: Cannot read property &apos;then&apos; of undefined"><![CDATA[TypeError: Cannot read property 'then' of undefined
    at to (D:\Desktop\se2\setest\PULSeBS_Group1\server\node_modules\await-to-js\src\await-to-js.ts:11:6)
    at Object.apiBookingsDelete (D:\Desktop\se2\setest\PULSeBS_Group1\server\controllers\Bookings.js:73:26)
    at processTicksAndRejections (internal/process/task_queues.js:97:5)]]></failure>
    </testCase>
    <testCase name="delete a booking given studentId and LectureId" duration="1"/>
  </file>
</testExecutions>