<?xml version="1.0" encoding="UTF-8"?>
<testExecutions version="1">
  <file path="D:\Desktop\se2\setest\PULSeBS_Group1\server\__tests__\unit_tests\components.test.js">
    <testCase name="Booking constructor" duration="3"/>
    <testCase name="Course constructor" duration="1"/>
    <testCase name="Lecture constructor" duration="4"/>
    <testCase name="User constructor" duration="2"/>
  </file>
  <file path="D:\Desktop\se2\setest\PULSeBS_Group1\server\__tests__\unit_tests\Course.test.js">
    <testCase name="get a course given his ID" duration="5"/>
    <testCase name="get a course given a non existing ID" duration="0"/>
    <testCase name="get a course given an ID but an error in the service occours" duration="0"/>
    <testCase name="get courses given student ID" duration="1"/>
    <testCase name="get courses given wrong student ID" duration="1"/>
    <testCase name="get courses given student ID but simulate db error" duration="1"/>
  </file>
  <file path="D:\Desktop\se2\setest\PULSeBS_Group1\server\__tests__\unit_tests\Bookings.test.js">
    <testCase name="get all bookings given a lectureId" duration="6"/>
    <testCase name="get all bookings given a lectureId but an error occours in db" duration="2"/>
    <testCase name="get all bookings given a lectureId without bookings" duration="1"/>
    <testCase name="add a booking to a lecture" duration="6"/>
    <testCase name="add a booking to a lecture that does not exist" duration="1"/>
    <testCase name="add a booking to a lecture that is after the deadline" duration="1"/>
    <testCase name="add a booking to a lecture but an error in db occours when finding it" duration="1"/>
    <testCase name="add a booking to a lecture but an error in db occours when I try to save the booking in db" duration="2"/>
    <testCase name="delete a booking given studentId and LectureId" duration="1"/>
    <testCase name="delete a booking given studentId and LectureId" duration="1"/>
  </file>
  <file path="D:\Desktop\se2\setest\PULSeBS_Group1\server\__tests__\unit_tests\Email.test.js">
    <testCase name="sending email" duration="3"/>
    <testCase name="sending email with wrong message obj" duration="1"/>
    <testCase name="sending email by Lecture Id" duration="5"/>
  </file>
  <file path="D:\Desktop\se2\setest\PULSeBS_Group1\server\__tests__\unit_tests\service.test.js">
    <testCase name="AuthenticationService Test Testing getUserById" duration="4"/>
    <testCase name="AuthenticationService Test Testing checkPassword" duration="135"/>
    <testCase name="BookingsService Testing getBookings" duration="0"/>
    <testCase name="BookingsService Testing apiBookingsPOST" duration="0"/>
    <testCase name="BookingsService Testing apiBookingsDelete" duration="0"/>
    <testCase name="CourseService Test Testing getCourseById" duration="0"/>
    <testCase name="CourseService Test Testing getStudentCourses" duration="1"/>
    <testCase name="CourseService Test Testing getCourseByTeacherID" duration="0"/>
    <testCase name="LecturesService Test getLectures" duration="1"/>
    <testCase name="LecturesService Test getLectureById" duration="0"/>
    <testCase name="LecturesService Test deleteLectureById" duration="1"/>
  </file>
  <file path="D:\Desktop\se2\setest\PULSeBS_Group1\server\__tests__\unit_tests\Lectures.test.js">
    <testCase name="get all lectures test" duration="4"/>
    <testCase name="get all lectures test given a CourseID" duration="1"/>
    <testCase name="get all lectures given a non existing courseId" duration="0"/>
    <testCase name="get all lectures but an error occours in the db" duration="0"/>
    <testCase name="get all lectures available to a teacher" duration="2"/>
    <testCase name="get all lectures available to a teacher with no courses" duration="1"/>
    <testCase name="get all lectures available to a teacher but an error occurs in getCourseByTeacherID" duration="0"/>
    <testCase name="get all lectures available to a teacher but an error occurs in getLecture" duration="1"/>
    <testCase name="get all lectures available to a teacher with a course with no lectures" duration="1"/>
    <testCase name="delete a lecture by id and in time" duration="11"/>
    <testCase name="delete a lecture by id and not in time" duration="1"/>
    <testCase name="delete a non existing lecture" duration="1"/>
    <testCase name="delete lecture but an error occours in db when search for a lecture" duration="0"/>
    <testCase name="delete a lecture but an error occours in db when deleting it" duration="1"/>
    <testCase name="online a lecture by id should return 200 status code" duration="2"/>
    <testCase name="online a lecture by id should error when the lecture is less than 30 minutes away" duration="1"/>
  </file>
</testExecutions>