<?xml version="1.0" encoding="UTF-8"?>
<testExecutions version="1">
  <file path="/Users/giandonatofarina/Desktop/PULSeBS_Group1/pulsebs_frontend/src/Components/Professor/__test__/professor.test.js">
    <testCase name="Testing correction of the rendering of LoginForm component renders LoginForm component" duration="36"/>
  </file>
  <file path="/Users/giandonatofarina/Desktop/PULSeBS_Group1/pulsebs_frontend/src/Components/Login/__test__/login.test.js">
    <testCase name="Testing renders LoginForm component by role" duration="150"/>
    <testCase name="App renders App component" duration="12"/>
  </file>
  <file path="/Users/giandonatofarina/Desktop/PULSeBS_Group1/pulsebs_frontend/src/Components/__test__/components.test.js">
    <testCase name="App renders App component" duration="17"/>
  </file>
  <file path="/Users/giandonatofarina/Desktop/PULSeBS_Group1/pulsebs_frontend/src/App.test.js">
    <testCase name="renders learn react link" duration="1"/>
  </file>
  <file path="/Users/giandonatofarina/Desktop/PULSeBS_Group1/pulsebs_frontend/src/Components/Student/HomePageCalendar_Student/__test__/HomePageCalendar_Student.test.js">
    <testCase name="Renders Calendar Legend Correctly" duration="248"/>
    <testCase name="Renders Calendar Correctly" duration="143"/>
  </file>
  <file path="/Users/giandonatofarina/Desktop/PULSeBS_Group1/server/__tests__/unit_tests/Lectures.test.js">
    <testCase name="get all lectures test" duration="6"/>
    <testCase name="get all lectures available to a teacher" duration="0"/>
    <testCase name="delete a lecture by id" duration="8"/>
  </file>
  <file path="/Users/giandonatofarina/Desktop/PULSeBS_Group1/server/__tests__/unit_tests/service.test.js">
    <testCase name="AuthenticationService Test Testing getUserById" duration="1"/>
    <testCase name="AuthenticationService Test Testing checkPassword" duration="141"/>
    <testCase name="BookingsService Testing getBookings" duration="1"/>
    <testCase name="BookingsService Testing apiBookingsPOST" duration="0"/>
    <testCase name="BookingsService Testing apiBookingsDelete" duration="0"/>
    <testCase name="CourseService Test Testing getCourseById" duration="1"/>
    <testCase name="CourseService Test Testing getStudentCourses" duration="0"/>
    <testCase name="CourseService Test Testing getCourseByTeacherID" duration="0"/>
    <testCase name="LecturesService Test getLectures" duration="1"/>
    <testCase name="LecturesService Test getLectureById" duration="0"/>
    <testCase name="LecturesService Test deleteLectureById" duration="0"/>
  </file>
</testExecutions>