<?xml version="1.0" encoding="UTF-8"?>
<testExecutions version="1">
  <file path="/Users/giandonatofarina/Desktop/PULSeBS_Group1/pulsebs_frontend/src/Components/SuppOfficer/__test__/SuppOfficer_Page.test.js">
    <testCase name="Renders Booking Manager Header Correctly" duration="65"/>
    <testCase name="Check Authentication Error" duration="14"/>
    <testCase name="Check Change Configuration" duration="22"/>
    <testCase name="Check System Update" duration="19"/>
    <testCase name="Check System Setup" duration="14"/>
    <testCase name="Check Home Page" duration="13"/>
    <testCase name="Check Logout" duration="14"/>
  </file>
  <file path="/Users/giandonatofarina/Desktop/PULSeBS_Group1/pulsebs_frontend/src/Components/BookingManager/__test__/BookingManager_Page.test.js">
    <testCase name="Renders Booking Manager Header Correctly" duration="19"/>
    <testCase name="Check Authentication Error" duration="13"/>
    <testCase name="Check Monitor System Usage" duration="11"/>
    <testCase name="Check Contact Tracing" duration="10"/>
    <testCase name="Check Home Page" duration="10"/>
    <testCase name="Check Logout" duration="8"/>
  </file>
  <file path="/Users/giandonatofarina/Desktop/PULSeBS_Group1/pulsebs_frontend/src/Components/Professor/__test__/Professor_Page.test.js">
    <testCase name="Renders Professor Header Correctly" duration="57"/>
    <testCase name="Check Authentication Error" duration="9"/>
    <testCase name="Check with Wrong Credentials" duration="3"/>
    <testCase name="Check Home Page" duration="16"/>
    <testCase name="Check My Lectures" duration="48"/>
    <testCase name="Check Register Attendance" duration="20"/>
    <testCase name="Check Statistics" duration="15"/>
    <testCase name="Check Tutorial" duration="14"/>
    <testCase name="Check Logout" duration="26"/>
  </file>
  <file path="/Users/giandonatofarina/Desktop/PULSeBS_Group1/pulsebs_frontend/src/Components/Login/__test__/loginForm.test.js">
    <testCase name="Renders the Text" duration="18"/>
    <testCase name="Renders the Email input field" duration="5"/>
    <testCase name="Updates to Email input field" duration="6"/>
    <testCase name="Renders the Password input field" duration="5"/>
    <testCase name="Updates to Password input field" duration="7"/>
    <testCase name="Renders the Submit Button" duration="62"/>
    <testCase name="Test Button Click" duration="20"/>
  </file>
  <file path="/Users/giandonatofarina/Desktop/PULSeBS_Group1/pulsebs_frontend/src/App.test.js">
    <testCase name="renders learn react link" duration="1"/>
  </file>
  <file path="/Users/giandonatofarina/Desktop/PULSeBS_Group1/pulsebs_frontend/src/Components/__test__/components.test.js">
    <testCase name="renders App component" duration="5"/>
  </file>
  <file path="/Users/giandonatofarina/Desktop/PULSeBS_Group1/pulsebs_frontend/src/Components/Student/__test__/Student_Page.test.js">
    <testCase name="Renders Student Header Correctly" duration="105"/>
    <testCase name="Check with Wrong Credentials" duration="10"/>
    <testCase name="Check Book a Seat" duration="41"/>
    <testCase name="Check HomePage" duration="281"/>
    <testCase name="Check Tutorial" duration="113"/>
    <testCase name="Check Logout" duration="11"/>
  </file>
</testExecutions>