<?xml version="1.0" encoding="UTF-8"?>
<testExecutions version="1">
  <file path="C:\Users\eleon\Desktop\PULSeBS_Group1\pulsebs_frontend\src\Components\SuppOfficer\__test__\SuppOfficer_Page.test.js">
    <testCase name="Renders Booking Manager Header Correctly" duration="154"/>
    <testCase name="Check Authentication Error" duration="23"/>
    <testCase name="Check Change Configuration" duration="36"/>
    <testCase name="Check System Update" duration="24"/>
    <testCase name="Check System Setup" duration="40"/>
    <testCase name="Check Home Page" duration="41"/>
    <testCase name="Check Logout" duration="19"/>
  </file>
  <file path="C:\Users\eleon\Desktop\PULSeBS_Group1\pulsebs_frontend\src\Components\Student\__test__\BookSeat.test.js">
    <testCase name="Renders BookSeat Correctly" duration="203">
      <failure message="TypeError: Cannot read property &apos;find&apos; of undefined"><![CDATA[TypeError: Cannot read property 'find' of undefined
    at BookLecture (C:\Users\eleon\Desktop\PULSeBS_Group1\pulsebs_frontend\src\Components\Student\BookSeat\BookSeat.js:38:40)
    at renderWithHooks (C:\Users\eleon\Desktop\PULSeBS_Group1\pulsebs_frontend\node_modules\react-dom\cjs\react-dom.development.js:14985:18)
    at mountIndeterminateComponent (C:\Users\eleon\Desktop\PULSeBS_Group1\pulsebs_frontend\node_modules\react-dom\cjs\react-dom.development.js:17811:13)
    at beginWork (C:\Users\eleon\Desktop\PULSeBS_Group1\pulsebs_frontend\node_modules\react-dom\cjs\react-dom.development.js:19049:16)
    at HTMLUnknownElement.callCallback (C:\Users\eleon\Desktop\PULSeBS_Group1\pulsebs_frontend\node_modules\react-dom\cjs\react-dom.development.js:3945:14)
    at HTMLUnknownElement.callTheUserObjectsOperation (C:\Users\eleon\Desktop\PULSeBS_Group1\pulsebs_frontend\node_modules\jsdom\lib\jsdom\living\generated\EventListener.js:26:30)
    at innerInvokeEventListeners (C:\Users\eleon\Desktop\PULSeBS_Group1\pulsebs_frontend\node_modules\jsdom\lib\jsdom\living\events\EventTarget-impl.js:318:25)
    at invokeEventListeners (C:\Users\eleon\Desktop\PULSeBS_Group1\pulsebs_frontend\node_modules\jsdom\lib\jsdom\living\events\EventTarget-impl.js:274:3)
    at HTMLUnknownElementImpl._dispatch (C:\Users\eleon\Desktop\PULSeBS_Group1\pulsebs_frontend\node_modules\jsdom\lib\jsdom\living\events\EventTarget-impl.js:221:9)
    at HTMLUnknownElementImpl.dispatchEvent (C:\Users\eleon\Desktop\PULSeBS_Group1\pulsebs_frontend\node_modules\jsdom\lib\jsdom\living\events\EventTarget-impl.js:94:17)
    at HTMLUnknownElement.dispatchEvent (C:\Users\eleon\Desktop\PULSeBS_Group1\pulsebs_frontend\node_modules\jsdom\lib\jsdom\living\generated\EventTarget.js:231:34)
    at Object.invokeGuardedCallbackDev (C:\Users\eleon\Desktop\PULSeBS_Group1\pulsebs_frontend\node_modules\react-dom\cjs\react-dom.development.js:3994:16)
    at invokeGuardedCallback (C:\Users\eleon\Desktop\PULSeBS_Group1\pulsebs_frontend\node_modules\react-dom\cjs\react-dom.development.js:4056:31)
    at beginWork$1 (C:\Users\eleon\Desktop\PULSeBS_Group1\pulsebs_frontend\node_modules\react-dom\cjs\react-dom.development.js:23964:7)
    at performUnitOfWork (C:\Users\eleon\Desktop\PULSeBS_Group1\pulsebs_frontend\node_modules\react-dom\cjs\react-dom.development.js:22779:12)
    at workLoopSync (C:\Users\eleon\Desktop\PULSeBS_Group1\pulsebs_frontend\node_modules\react-dom\cjs\react-dom.development.js:22707:5)
    at renderRootSync (C:\Users\eleon\Desktop\PULSeBS_Group1\pulsebs_frontend\node_modules\react-dom\cjs\react-dom.development.js:22670:7)
    at performSyncWorkOnRoot (C:\Users\eleon\Desktop\PULSeBS_Group1\pulsebs_frontend\node_modules\react-dom\cjs\react-dom.development.js:22293:18)
    at scheduleUpdateOnFiber (C:\Users\eleon\Desktop\PULSeBS_Group1\pulsebs_frontend\node_modules\react-dom\cjs\react-dom.development.js:21881:7)
    at updateContainer (C:\Users\eleon\Desktop\PULSeBS_Group1\pulsebs_frontend\node_modules\react-dom\cjs\react-dom.development.js:25482:3)
    at C:\Users\eleon\Desktop\PULSeBS_Group1\pulsebs_frontend\node_modules\react-dom\cjs\react-dom.development.js:26021:7
    at unbatchedUpdates (C:\Users\eleon\Desktop\PULSeBS_Group1\pulsebs_frontend\node_modules\react-dom\cjs\react-dom.development.js:22431:12)
    at legacyRenderSubtreeIntoContainer (C:\Users\eleon\Desktop\PULSeBS_Group1\pulsebs_frontend\node_modules\react-dom\cjs\react-dom.development.js:26020:5)
    at Object.render (C:\Users\eleon\Desktop\PULSeBS_Group1\pulsebs_frontend\node_modules\react-dom\cjs\react-dom.development.js:26103:10)
    at C:\Users\eleon\Desktop\PULSeBS_Group1\pulsebs_frontend\node_modules\@testing-library\react\dist\pure.js:99:25
    at batchedUpdates$1 (C:\Users\eleon\Desktop\PULSeBS_Group1\pulsebs_frontend\node_modules\react-dom\cjs\react-dom.development.js:22380:12)
    at act (C:\Users\eleon\Desktop\PULSeBS_Group1\pulsebs_frontend\node_modules\react-dom\cjs\react-dom-test-utils.development.js:1042:14)
    at render (C:\Users\eleon\Desktop\PULSeBS_Group1\pulsebs_frontend\node_modules\@testing-library\react\dist\pure.js:95:26)
    at Object.<anonymous> (C:\Users\eleon\Desktop\PULSeBS_Group1\pulsebs_frontend\src\Components\Student\__test__\BookSeat.test.js:18:26)
    at Promise.then.completed (C:\Users\eleon\Desktop\PULSeBS_Group1\pulsebs_frontend\node_modules\jest-circus\build\utils.js:276:28)
    at new Promise (<anonymous>)
    at callAsyncCircusFn (C:\Users\eleon\Desktop\PULSeBS_Group1\pulsebs_frontend\node_modules\jest-circus\build\utils.js:216:10)
    at _callCircusTest (C:\Users\eleon\Desktop\PULSeBS_Group1\pulsebs_frontend\node_modules\jest-circus\build\run.js:212:40)
    at processTicksAndRejections (internal/process/task_queues.js:97:5)
    at _runTest (C:\Users\eleon\Desktop\PULSeBS_Group1\pulsebs_frontend\node_modules\jest-circus\build\run.js:149:3)
    at _runTestsForDescribeBlock (C:\Users\eleon\Desktop\PULSeBS_Group1\pulsebs_frontend\node_modules\jest-circus\build\run.js:63:9)
    at run (C:\Users\eleon\Desktop\PULSeBS_Group1\pulsebs_frontend\node_modules\jest-circus\build\run.js:25:3)
    at runAndTransformResultsToJestFormat (C:\Users\eleon\Desktop\PULSeBS_Group1\pulsebs_frontend\node_modules\jest-circus\build\legacy-code-todo-rewrite\jestAdapterInit.js:176:21)
    at jestAdapter (C:\Users\eleon\Desktop\PULSeBS_Group1\pulsebs_frontend\node_modules\jest-circus\build\legacy-code-todo-rewrite\jestAdapter.js:109:19)
    at runTestInternal (C:\Users\eleon\Desktop\PULSeBS_Group1\pulsebs_frontend\node_modules\jest-runner\build\runTest.js:380:16)
    at runTest (C:\Users\eleon\Desktop\PULSeBS_Group1\pulsebs_frontend\node_modules\jest-runner\build\runTest.js:472:34)
    at Object.worker (C:\Users\eleon\Desktop\PULSeBS_Group1\pulsebs_frontend\node_modules\jest-runner\build\testWorker.js:133:12)]]></failure>
    </testCase>
    <testCase name="Does not book full lesson" duration="22">
      <failure message="TypeError: Cannot read property &apos;find&apos; of undefined"><![CDATA[TypeError: Cannot read property 'find' of undefined
    at BookLecture (C:\Users\eleon\Desktop\PULSeBS_Group1\pulsebs_frontend\src\Components\Student\BookSeat\BookSeat.js:38:40)
    at renderWithHooks (C:\Users\eleon\Desktop\PULSeBS_Group1\pulsebs_frontend\node_modules\react-dom\cjs\react-dom.development.js:14985:18)
    at mountIndeterminateComponent (C:\Users\eleon\Desktop\PULSeBS_Group1\pulsebs_frontend\node_modules\react-dom\cjs\react-dom.development.js:17811:13)
    at beginWork (C:\Users\eleon\Desktop\PULSeBS_Group1\pulsebs_frontend\node_modules\react-dom\cjs\react-dom.development.js:19049:16)
    at HTMLUnknownElement.callCallback (C:\Users\eleon\Desktop\PULSeBS_Group1\pulsebs_frontend\node_modules\react-dom\cjs\react-dom.development.js:3945:14)
    at HTMLUnknownElement.callTheUserObjectsOperation (C:\Users\eleon\Desktop\PULSeBS_Group1\pulsebs_frontend\node_modules\jsdom\lib\jsdom\living\generated\EventListener.js:26:30)
    at innerInvokeEventListeners (C:\Users\eleon\Desktop\PULSeBS_Group1\pulsebs_frontend\node_modules\jsdom\lib\jsdom\living\events\EventTarget-impl.js:318:25)
    at invokeEventListeners (C:\Users\eleon\Desktop\PULSeBS_Group1\pulsebs_frontend\node_modules\jsdom\lib\jsdom\living\events\EventTarget-impl.js:274:3)
    at HTMLUnknownElementImpl._dispatch (C:\Users\eleon\Desktop\PULSeBS_Group1\pulsebs_frontend\node_modules\jsdom\lib\jsdom\living\events\EventTarget-impl.js:221:9)
    at HTMLUnknownElementImpl.dispatchEvent (C:\Users\eleon\Desktop\PULSeBS_Group1\pulsebs_frontend\node_modules\jsdom\lib\jsdom\living\events\EventTarget-impl.js:94:17)
    at HTMLUnknownElement.dispatchEvent (C:\Users\eleon\Desktop\PULSeBS_Group1\pulsebs_frontend\node_modules\jsdom\lib\jsdom\living\generated\EventTarget.js:231:34)
    at Object.invokeGuardedCallbackDev (C:\Users\eleon\Desktop\PULSeBS_Group1\pulsebs_frontend\node_modules\react-dom\cjs\react-dom.development.js:3994:16)
    at invokeGuardedCallback (C:\Users\eleon\Desktop\PULSeBS_Group1\pulsebs_frontend\node_modules\react-dom\cjs\react-dom.development.js:4056:31)
    at beginWork$1 (C:\Users\eleon\Desktop\PULSeBS_Group1\pulsebs_frontend\node_modules\react-dom\cjs\react-dom.development.js:23964:7)
    at performUnitOfWork (C:\Users\eleon\Desktop\PULSeBS_Group1\pulsebs_frontend\node_modules\react-dom\cjs\react-dom.development.js:22779:12)
    at workLoopSync (C:\Users\eleon\Desktop\PULSeBS_Group1\pulsebs_frontend\node_modules\react-dom\cjs\react-dom.development.js:22707:5)
    at renderRootSync (C:\Users\eleon\Desktop\PULSeBS_Group1\pulsebs_frontend\node_modules\react-dom\cjs\react-dom.development.js:22670:7)
    at performSyncWorkOnRoot (C:\Users\eleon\Desktop\PULSeBS_Group1\pulsebs_frontend\node_modules\react-dom\cjs\react-dom.development.js:22293:18)
    at scheduleUpdateOnFiber (C:\Users\eleon\Desktop\PULSeBS_Group1\pulsebs_frontend\node_modules\react-dom\cjs\react-dom.development.js:21881:7)
    at updateContainer (C:\Users\eleon\Desktop\PULSeBS_Group1\pulsebs_frontend\node_modules\react-dom\cjs\react-dom.development.js:25482:3)
    at C:\Users\eleon\Desktop\PULSeBS_Group1\pulsebs_frontend\node_modules\react-dom\cjs\react-dom.development.js:26021:7
    at unbatchedUpdates (C:\Users\eleon\Desktop\PULSeBS_Group1\pulsebs_frontend\node_modules\react-dom\cjs\react-dom.development.js:22431:12)
    at legacyRenderSubtreeIntoContainer (C:\Users\eleon\Desktop\PULSeBS_Group1\pulsebs_frontend\node_modules\react-dom\cjs\react-dom.development.js:26020:5)
    at Object.render (C:\Users\eleon\Desktop\PULSeBS_Group1\pulsebs_frontend\node_modules\react-dom\cjs\react-dom.development.js:26103:10)
    at C:\Users\eleon\Desktop\PULSeBS_Group1\pulsebs_frontend\node_modules\@testing-library\react\dist\pure.js:99:25
    at batchedUpdates$1 (C:\Users\eleon\Desktop\PULSeBS_Group1\pulsebs_frontend\node_modules\react-dom\cjs\react-dom.development.js:22380:12)
    at act (C:\Users\eleon\Desktop\PULSeBS_Group1\pulsebs_frontend\node_modules\react-dom\cjs\react-dom-test-utils.development.js:1042:14)
    at render (C:\Users\eleon\Desktop\PULSeBS_Group1\pulsebs_frontend\node_modules\@testing-library\react\dist\pure.js:95:26)
    at Object.<anonymous> (C:\Users\eleon\Desktop\PULSeBS_Group1\pulsebs_frontend\src\Components\Student\__test__\BookSeat.test.js:29:26)
    at Promise.then.completed (C:\Users\eleon\Desktop\PULSeBS_Group1\pulsebs_frontend\node_modules\jest-circus\build\utils.js:276:28)
    at new Promise (<anonymous>)
    at callAsyncCircusFn (C:\Users\eleon\Desktop\PULSeBS_Group1\pulsebs_frontend\node_modules\jest-circus\build\utils.js:216:10)
    at _callCircusTest (C:\Users\eleon\Desktop\PULSeBS_Group1\pulsebs_frontend\node_modules\jest-circus\build\run.js:212:40)
    at processTicksAndRejections (internal/process/task_queues.js:97:5)
    at _runTest (C:\Users\eleon\Desktop\PULSeBS_Group1\pulsebs_frontend\node_modules\jest-circus\build\run.js:149:3)
    at _runTestsForDescribeBlock (C:\Users\eleon\Desktop\PULSeBS_Group1\pulsebs_frontend\node_modules\jest-circus\build\run.js:63:9)
    at run (C:\Users\eleon\Desktop\PULSeBS_Group1\pulsebs_frontend\node_modules\jest-circus\build\run.js:25:3)
    at runAndTransformResultsToJestFormat (C:\Users\eleon\Desktop\PULSeBS_Group1\pulsebs_frontend\node_modules\jest-circus\build\legacy-code-todo-rewrite\jestAdapterInit.js:176:21)
    at jestAdapter (C:\Users\eleon\Desktop\PULSeBS_Group1\pulsebs_frontend\node_modules\jest-circus\build\legacy-code-todo-rewrite\jestAdapter.js:109:19)
    at runTestInternal (C:\Users\eleon\Desktop\PULSeBS_Group1\pulsebs_frontend\node_modules\jest-runner\build\runTest.js:380:16)
    at runTest (C:\Users\eleon\Desktop\PULSeBS_Group1\pulsebs_frontend\node_modules\jest-runner\build\runTest.js:472:34)
    at Object.worker (C:\Users\eleon\Desktop\PULSeBS_Group1\pulsebs_frontend\node_modules\jest-runner\build\testWorker.js:133:12)]]></failure>
    </testCase>
  </file>
  <file path="C:\Users\eleon\Desktop\PULSeBS_Group1\pulsebs_frontend\src\Components\Login\__test__\loginForm.test.js">
    <testCase name="Renders the Text" duration="29"/>
    <testCase name="Renders the Email input field" duration="36"/>
    <testCase name="Updates to Email input field" duration="21"/>
    <testCase name="Renders the Password input field" duration="12"/>
    <testCase name="Updates to Password input field" duration="12"/>
    <testCase name="Renders the Submit Button" duration="136"/>
    <testCase name="Test Button Click" duration="44"/>
  </file>
  <file path="C:\Users\eleon\Desktop\PULSeBS_Group1\pulsebs_frontend\src\Components\Student\__test__\HomePageCalendar_Student.test.js">
    <testCase name="Renders the HomePage Calendar with events for the student Correctly" duration="632"/>
    <testCase name="Renders the HomePage Calendar with events for the student Correctly" duration="337"/>
    <testCase name="Check view change" duration="700"/>
  </file>
  <file path="C:\Users\eleon\Desktop\PULSeBS_Group1\pulsebs_frontend\src\__tests__\API.test.js">
    <testCase name="test getUser no errors" duration="8"/>
    <testCase name="test getUser error" duration="1"/>
    <testCase name="test login no errors" duration="9"/>
    <testCase name="test login response not ok, json ok" duration="1"/>
    <testCase name="test login response not ok, json null" duration="5"/>
    <testCase name="test login fetch rejected" duration="1"/>
    <testCase name="test getStudentCourses no errors" duration="2"/>
    <testCase name="test getStudentCourses error" duration="2"/>
    <testCase name="test getTeacherLectures no errors" duration="1"/>
    <testCase name="test getTeacherLectures error" duration="3"/>
    <testCase name="test getLectures no errors" duration="2"/>
    <testCase name="test getLectures error" duration="1"/>
    <testCase name="test getBookings no errors" duration="2"/>
    <testCase name="test getBookings error" duration="1"/>
    <testCase name="test addBooking no errors" duration="2"/>
    <testCase name="test addBooking response not ok, json ok" duration="2"/>
    <testCase name="test addBooking response not ok, json null" duration="2"/>
    <testCase name="test addBooking fetch rejected" duration="1"/>
    <testCase name="test deleteLectureById no errors" duration="1"/>
    <testCase name="test deleteLectureById response not ok, json ok" duration="1"/>
    <testCase name="test deleteLectureById response not ok, json null" duration="1"/>
    <testCase name="test deleteLectureById fetch rejected" duration="1"/>
    <testCase name="test cancelBooking no errors" duration="1"/>
    <testCase name="test cancelBooking response not ok, json ok" duration="1"/>
    <testCase name="test cancelBooking response not ok, json null" duration="1"/>
    <testCase name="test cancelBooking fetch rejected" duration="1"/>
    <testCase name="test ChangeLecturemodeById no errors" duration="1"/>
    <testCase name="test ChangeLecturemodeById response not ok, json ok" duration="1"/>
    <testCase name="test ChangeLecturemodeById response not ok, json null" duration="1"/>
  </file>
  <file path="C:\Users\eleon\Desktop\PULSeBS_Group1\pulsebs_frontend\src\Components\BookingManager\__test__\BookingManager_Page.test.js">
    <testCase name="Renders Booking Manager Header Correctly" duration="82"/>
    <testCase name="Check Authentication Error" duration="34"/>
    <testCase name="Check Monitor System Usage" duration="37"/>
    <testCase name="Check Contact Tracing" duration="32"/>
    <testCase name="Check Home Page" duration="30"/>
    <testCase name="Check Logout" duration="32"/>
  </file>
  <file path="C:\Users\eleon\Desktop\PULSeBS_Group1\pulsebs_frontend\src\Components\Student\__test__\Student_Page.test.js">
    <testCase name="Renders Student Header Correctly" duration="213"/>
    <testCase name="Check with Wrong Credentials" duration="18"/>
    <testCase name="Check Book a Seat" duration="88"/>
    <testCase name="Check HomePage" duration="712"/>
    <testCase name="Check Tutorial" duration="253"/>
    <testCase name="Check Logout" duration="28"/>
  </file>
  <file path="C:\Users\eleon\Desktop\PULSeBS_Group1\pulsebs_frontend\src\Components\__test__\components.test.js">
    <testCase name="renders App component" duration="20"/>
  </file>
  <file path="C:\Users\eleon\Desktop\PULSeBS_Group1\pulsebs_frontend\src\App.test.js">
    <testCase name="renders learn react link" duration="0"/>
  </file>
  <file path="C:\Users\eleon\Desktop\PULSeBS_Group1\pulsebs_frontend\src\Components\Professor\MyLecturesProfessor\__test__\MyLecturesProfessor.test.js">
    <testCase name="LectureList" duration="439"/>
  </file>
  <file path="C:\Users\eleon\Desktop\PULSeBS_Group1\pulsebs_frontend\src\__tests__\User.test.js">
    <testCase name="User constructor" duration="2"/>
  </file>
  <file path="C:\Users\eleon\Desktop\PULSeBS_Group1\pulsebs_frontend\src\Components\Professor\__test__\StatisticsPage.test.js">
    <testCase name="Check if Statistics render correctly" duration="340"/>
  </file>
  <file path="C:\Users\eleon\Desktop\PULSeBS_Group1\pulsebs_frontend\src\Components\Professor\__test__\Professor_Page.test.js">
    <testCase name="Renders Professor Header Correctly" duration="39"/>
    <testCase name="Check Authentication Error" duration="6"/>
    <testCase name="Check with Wrong Credentials" duration="3"/>
    <testCase name="Check Home Page" duration="15"/>
    <testCase name="Check My Lectures" duration="53"/>
    <testCase name="Check Register Attendance" duration="18"/>
    <testCase name="Check Statistics" duration="258"/>
    <testCase name="Check Tutorial" duration="134"/>
    <testCase name="Check Logout" duration="12"/>
  </file>
</testExecutions>