<?xml version="1.0" encoding="UTF-8"?>
<testExecutions version="1">
  <file path="/Users/giandonatofarina/Desktop/PULSeBS_Group1/pulsebs_frontend/src/Components/SuppOfficer/__test__/SuppOfficer_Page.test.js">
    <testCase name="Renders Booking Manager Header Correctly" duration="55"/>
    <testCase name="Check Authentication Error" duration="15"/>
    <testCase name="Check Change Configuration" duration="20"/>
    <testCase name="Check System Update" duration="12"/>
    <testCase name="Check System Setup" duration="11"/>
    <testCase name="Check Home Page" duration="14"/>
    <testCase name="Check Logout" duration="10"/>
  </file>
  <file path="/Users/giandonatofarina/Desktop/PULSeBS_Group1/pulsebs_frontend/src/Components/BookingManager/__test__/BookingManager_Page.test.js">
    <testCase name="Renders Booking Manager Header Correctly" duration="18"/>
    <testCase name="Check Authentication Error" duration="15"/>
    <testCase name="Check Monitor System Usage" duration="13"/>
    <testCase name="Check Contact Tracing" duration="15"/>
    <testCase name="Check Home Page" duration="18"/>
    <testCase name="Check Logout" duration="19"/>
  </file>
  <file path="/Users/giandonatofarina/Desktop/PULSeBS_Group1/pulsebs_frontend/src/Components/Professor/__test__/Professor_Page.test.js">
    <testCase name="Renders Professor Header Correctly" duration="74"/>
    <testCase name="Check Authentication Error" duration="7"/>
    <testCase name="Check with Wrong Credentials" duration="5"/>
    <testCase name="Check Home Page" duration="21"/>
    <testCase name="Check My Lectures" duration="58"/>
    <testCase name="Check Register Attendance" duration="21"/>
    <testCase name="Check Statistics" duration="18"/>
    <testCase name="Check Tutorial" duration="14"/>
    <testCase name="Check Logout" duration="13"/>
  </file>
  <file path="/Users/giandonatofarina/Desktop/PULSeBS_Group1/pulsebs_frontend/src/Components/Login/__test__/loginForm.test.js">
    <testCase name="Renders the Text" duration="14"/>
    <testCase name="Renders the Email input field" duration="6"/>
    <testCase name="Updates to Email input field" duration="6"/>
    <testCase name="Renders the Password input field" duration="6"/>
    <testCase name="Updates to Password input field" duration="6"/>
    <testCase name="Renders the Submit Button" duration="92"/>
    <testCase name="Test Button Click" duration="24"/>
  </file>
  <file path="/Users/giandonatofarina/Desktop/PULSeBS_Group1/pulsebs_frontend/src/App.test.js">
    <testCase name="renders learn react link" duration="1"/>
  </file>
  <file path="/Users/giandonatofarina/Desktop/PULSeBS_Group1/pulsebs_frontend/src/Components/__test__/components.test.js">
    <testCase name="renders App component" duration="7"/>
  </file>
  <file path="/Users/giandonatofarina/Desktop/PULSeBS_Group1/pulsebs_frontend/src/Components/Student/__test__/Student_Page.test.js">
    <testCase name="Renders Student Header Correctly" duration="124"/>
    <testCase name="Check with Wrong Credentials" duration="17"/>
    <testCase name="Check Book a Seat" duration="44"/>
    <testCase name="Check HomePage" duration="301"/>
    <testCase name="Check Tutorial" duration="107"/>
    <testCase name="Check Logout" duration="13"/>
  </file>
</testExecutions>