<?xml version="1.0" encoding="UTF-8"?>
<testExecutions version="1">
  <file path="C:\Users\eleon\Desktop\PULSeBS_Group1\pulsebs_frontend\src\App.test.js">
    <testCase name="renders learn react link" duration="6"/>
  </file>
  <file path="C:\Users\eleon\Desktop\PULSeBS_Group1\pulsebs_frontend\src\Components\__test__\components.test.js">
    <testCase name="App renders App component" duration="132"/>
  </file>
  <file path="C:\Users\eleon\Desktop\PULSeBS_Group1\pulsebs_frontend\src\Components\Professor\__test__\professor.test.js">
    <testCase name="Testing correction of the rendering of LoginForm component renders LoginForm component" duration="81"/>
  </file>
  <file path="C:\Users\eleon\Desktop\PULSeBS_Group1\pulsebs_frontend\src\Components\Student\HomePageCalendar_Student\__test__\HomePageCalendar_Student.test.js">
    <testCase name="Renders Calendar Legend Correctly" duration="252">
      <failure message="TypeError: Cannot read property &apos;authUser&apos; of undefined"><![CDATA[TypeError: Cannot read property 'authUser' of undefined
    at homePageCalendarStudent.componentDidMount (C:\Users\eleon\Desktop\PULSeBS_Group1\pulsebs_frontend\src\Components\Student\HomePageCalendar_Student\HomePageCalendar_Student.js:22:44)
    at commitLifeCycles (C:\Users\eleon\Desktop\PULSeBS_Group1\pulsebs_frontend\node_modules\react-dom\cjs\react-dom.development.js:20663:24)
    at commitLayoutEffects (C:\Users\eleon\Desktop\PULSeBS_Group1\pulsebs_frontend\node_modules\react-dom\cjs\react-dom.development.js:23426:7)
    at HTMLUnknownElement.callCallback (C:\Users\eleon\Desktop\PULSeBS_Group1\pulsebs_frontend\node_modules\react-dom\cjs\react-dom.development.js:3945:14)
    at HTMLUnknownElement.callTheUserObjectsOperation (C:\Users\eleon\Desktop\PULSeBS_Group1\pulsebs_frontend\node_modules\jsdom\lib\jsdom\living\generated\EventListener.js:26:30)
    at innerInvokeEventListeners (C:\Users\eleon\Desktop\PULSeBS_Group1\pulsebs_frontend\node_modules\jsdom\lib\jsdom\living\events\EventTarget-impl.js:318:25)
    at invokeEventListeners (C:\Users\eleon\Desktop\PULSeBS_Group1\pulsebs_frontend\node_modules\jsdom\lib\jsdom\living\events\EventTarget-impl.js:274:3)
    at HTMLUnknownElementImpl._dispatch (C:\Users\eleon\Desktop\PULSeBS_Group1\pulsebs_frontend\node_modules\jsdom\lib\jsdom\living\events\EventTarget-impl.js:221:9)
    at HTMLUnknownElementImpl.dispatchEvent (C:\Users\eleon\Desktop\PULSeBS_Group1\pulsebs_frontend\node_modules\jsdom\lib\jsdom\living\events\EventTarget-impl.js:94:17)
    at HTMLUnknownElement.dispatchEvent (C:\Users\eleon\Desktop\PULSeBS_Group1\pulsebs_frontend\node_modules\jsdom\lib\jsdom\living\generated\EventTarget.js:231:34)
    at Object.invokeGuardedCallbackDev (C:\Users\eleon\Desktop\PULSeBS_Group1\pulsebs_frontend\node_modules\react-dom\cjs\react-dom.development.js:3994:16)
    at invokeGuardedCallback (C:\Users\eleon\Desktop\PULSeBS_Group1\pulsebs_frontend\node_modules\react-dom\cjs\react-dom.development.js:4056:31)
    at commitRootImpl (C:\Users\eleon\Desktop\PULSeBS_Group1\pulsebs_frontend\node_modules\react-dom\cjs\react-dom.development.js:23151:9)
    at unstable_runWithPriority (C:\Users\eleon\Desktop\PULSeBS_Group1\pulsebs_frontend\node_modules\scheduler\cjs\scheduler.development.js:646:12)
    at runWithPriority$1 (C:\Users\eleon\Desktop\PULSeBS_Group1\pulsebs_frontend\node_modules\react-dom\cjs\react-dom.development.js:11276:10)
    at commitRoot (C:\Users\eleon\Desktop\PULSeBS_Group1\pulsebs_frontend\node_modules\react-dom\cjs\react-dom.development.js:22990:3)
    at performSyncWorkOnRoot (C:\Users\eleon\Desktop\PULSeBS_Group1\pulsebs_frontend\node_modules\react-dom\cjs\react-dom.development.js:22329:3)
    at scheduleUpdateOnFiber (C:\Users\eleon\Desktop\PULSeBS_Group1\pulsebs_frontend\node_modules\react-dom\cjs\react-dom.development.js:21881:7)
    at updateContainer (C:\Users\eleon\Desktop\PULSeBS_Group1\pulsebs_frontend\node_modules\react-dom\cjs\react-dom.development.js:25482:3)
    at C:\Users\eleon\Desktop\PULSeBS_Group1\pulsebs_frontend\node_modules\react-dom\cjs\react-dom.development.js:26021:7
    at unbatchedUpdates (C:\Users\eleon\Desktop\PULSeBS_Group1\pulsebs_frontend\node_modules\react-dom\cjs\react-dom.development.js:22431:12)
    at legacyRenderSubtreeIntoContainer (C:\Users\eleon\Desktop\PULSeBS_Group1\pulsebs_frontend\node_modules\react-dom\cjs\react-dom.development.js:26020:5)
    at Object.render (C:\Users\eleon\Desktop\PULSeBS_Group1\pulsebs_frontend\node_modules\react-dom\cjs\react-dom.development.js:26103:10)
    at C:\Users\eleon\Desktop\PULSeBS_Group1\pulsebs_frontend\node_modules\@testing-library\react\dist\pure.js:99:25
    at batchedUpdates$1 (C:\Users\eleon\Desktop\PULSeBS_Group1\pulsebs_frontend\node_modules\react-dom\cjs\react-dom.development.js:22380:12)
    at act (C:\Users\eleon\Desktop\PULSeBS_Group1\pulsebs_frontend\node_modules\react-dom\cjs\react-dom-test-utils.development.js:1042:14)
    at render (C:\Users\eleon\Desktop\PULSeBS_Group1\pulsebs_frontend\node_modules\@testing-library\react\dist\pure.js:95:26)
    at Object.<anonymous> (C:\Users\eleon\Desktop\PULSeBS_Group1\pulsebs_frontend\src\Components\Student\HomePageCalendar_Student\__test__\HomePageCalendar_Student.test.js:6:26)
    at Promise.then.completed (C:\Users\eleon\Desktop\PULSeBS_Group1\pulsebs_frontend\node_modules\jest-circus\build\utils.js:276:28)
    at new Promise (<anonymous>)
    at callAsyncCircusFn (C:\Users\eleon\Desktop\PULSeBS_Group1\pulsebs_frontend\node_modules\jest-circus\build\utils.js:216:10)
    at _callCircusTest (C:\Users\eleon\Desktop\PULSeBS_Group1\pulsebs_frontend\node_modules\jest-circus\build\run.js:212:40)
    at processTicksAndRejections (internal/process/task_queues.js:97:5)
    at _runTest (C:\Users\eleon\Desktop\PULSeBS_Group1\pulsebs_frontend\node_modules\jest-circus\build\run.js:149:3)
    at _runTestsForDescribeBlock (C:\Users\eleon\Desktop\PULSeBS_Group1\pulsebs_frontend\node_modules\jest-circus\build\run.js:63:9)
    at run (C:\Users\eleon\Desktop\PULSeBS_Group1\pulsebs_frontend\node_modules\jest-circus\build\run.js:25:3)
    at runAndTransformResultsToJestFormat (C:\Users\eleon\Desktop\PULSeBS_Group1\pulsebs_frontend\node_modules\jest-circus\build\legacy-code-todo-rewrite\jestAdapterInit.js:176:21)
    at jestAdapter (C:\Users\eleon\Desktop\PULSeBS_Group1\pulsebs_frontend\node_modules\jest-circus\build\legacy-code-todo-rewrite\jestAdapter.js:109:19)
    at runTestInternal (C:\Users\eleon\Desktop\PULSeBS_Group1\pulsebs_frontend\node_modules\jest-runner\build\runTest.js:380:16)
    at runTest (C:\Users\eleon\Desktop\PULSeBS_Group1\pulsebs_frontend\node_modules\jest-runner\build\runTest.js:472:34)
    at Object.worker (C:\Users\eleon\Desktop\PULSeBS_Group1\pulsebs_frontend\node_modules\jest-runner\build\testWorker.js:133:12)]]></failure>
    </testCase>
    <testCase name="Renders Calendar Buttons Correctly" duration="95">
      <failure message="TypeError: Cannot read property &apos;authUser&apos; of undefined"><![CDATA[TypeError: Cannot read property 'authUser' of undefined
    at homePageCalendarStudent.componentDidMount (C:\Users\eleon\Desktop\PULSeBS_Group1\pulsebs_frontend\src\Components\Student\HomePageCalendar_Student\HomePageCalendar_Student.js:22:44)
    at commitLifeCycles (C:\Users\eleon\Desktop\PULSeBS_Group1\pulsebs_frontend\node_modules\react-dom\cjs\react-dom.development.js:20663:24)
    at commitLayoutEffects (C:\Users\eleon\Desktop\PULSeBS_Group1\pulsebs_frontend\node_modules\react-dom\cjs\react-dom.development.js:23426:7)
    at HTMLUnknownElement.callCallback (C:\Users\eleon\Desktop\PULSeBS_Group1\pulsebs_frontend\node_modules\react-dom\cjs\react-dom.development.js:3945:14)
    at HTMLUnknownElement.callTheUserObjectsOperation (C:\Users\eleon\Desktop\PULSeBS_Group1\pulsebs_frontend\node_modules\jsdom\lib\jsdom\living\generated\EventListener.js:26:30)
    at innerInvokeEventListeners (C:\Users\eleon\Desktop\PULSeBS_Group1\pulsebs_frontend\node_modules\jsdom\lib\jsdom\living\events\EventTarget-impl.js:318:25)
    at invokeEventListeners (C:\Users\eleon\Desktop\PULSeBS_Group1\pulsebs_frontend\node_modules\jsdom\lib\jsdom\living\events\EventTarget-impl.js:274:3)
    at HTMLUnknownElementImpl._dispatch (C:\Users\eleon\Desktop\PULSeBS_Group1\pulsebs_frontend\node_modules\jsdom\lib\jsdom\living\events\EventTarget-impl.js:221:9)
    at HTMLUnknownElementImpl.dispatchEvent (C:\Users\eleon\Desktop\PULSeBS_Group1\pulsebs_frontend\node_modules\jsdom\lib\jsdom\living\events\EventTarget-impl.js:94:17)
    at HTMLUnknownElement.dispatchEvent (C:\Users\eleon\Desktop\PULSeBS_Group1\pulsebs_frontend\node_modules\jsdom\lib\jsdom\living\generated\EventTarget.js:231:34)
    at Object.invokeGuardedCallbackDev (C:\Users\eleon\Desktop\PULSeBS_Group1\pulsebs_frontend\node_modules\react-dom\cjs\react-dom.development.js:3994:16)
    at invokeGuardedCallback (C:\Users\eleon\Desktop\PULSeBS_Group1\pulsebs_frontend\node_modules\react-dom\cjs\react-dom.development.js:4056:31)
    at commitRootImpl (C:\Users\eleon\Desktop\PULSeBS_Group1\pulsebs_frontend\node_modules\react-dom\cjs\react-dom.development.js:23151:9)
    at unstable_runWithPriority (C:\Users\eleon\Desktop\PULSeBS_Group1\pulsebs_frontend\node_modules\scheduler\cjs\scheduler.development.js:646:12)
    at runWithPriority$1 (C:\Users\eleon\Desktop\PULSeBS_Group1\pulsebs_frontend\node_modules\react-dom\cjs\react-dom.development.js:11276:10)
    at commitRoot (C:\Users\eleon\Desktop\PULSeBS_Group1\pulsebs_frontend\node_modules\react-dom\cjs\react-dom.development.js:22990:3)
    at performSyncWorkOnRoot (C:\Users\eleon\Desktop\PULSeBS_Group1\pulsebs_frontend\node_modules\react-dom\cjs\react-dom.development.js:22329:3)
    at scheduleUpdateOnFiber (C:\Users\eleon\Desktop\PULSeBS_Group1\pulsebs_frontend\node_modules\react-dom\cjs\react-dom.development.js:21881:7)
    at updateContainer (C:\Users\eleon\Desktop\PULSeBS_Group1\pulsebs_frontend\node_modules\react-dom\cjs\react-dom.development.js:25482:3)
    at C:\Users\eleon\Desktop\PULSeBS_Group1\pulsebs_frontend\node_modules\react-dom\cjs\react-dom.development.js:26021:7
    at unbatchedUpdates (C:\Users\eleon\Desktop\PULSeBS_Group1\pulsebs_frontend\node_modules\react-dom\cjs\react-dom.development.js:22431:12)
    at legacyRenderSubtreeIntoContainer (C:\Users\eleon\Desktop\PULSeBS_Group1\pulsebs_frontend\node_modules\react-dom\cjs\react-dom.development.js:26020:5)
    at Object.render (C:\Users\eleon\Desktop\PULSeBS_Group1\pulsebs_frontend\node_modules\react-dom\cjs\react-dom.development.js:26103:10)
    at C:\Users\eleon\Desktop\PULSeBS_Group1\pulsebs_frontend\node_modules\@testing-library\react\dist\pure.js:99:25
    at batchedUpdates$1 (C:\Users\eleon\Desktop\PULSeBS_Group1\pulsebs_frontend\node_modules\react-dom\cjs\react-dom.development.js:22380:12)
    at act (C:\Users\eleon\Desktop\PULSeBS_Group1\pulsebs_frontend\node_modules\react-dom\cjs\react-dom-test-utils.development.js:1042:14)
    at render (C:\Users\eleon\Desktop\PULSeBS_Group1\pulsebs_frontend\node_modules\@testing-library\react\dist\pure.js:95:26)
    at Object.<anonymous> (C:\Users\eleon\Desktop\PULSeBS_Group1\pulsebs_frontend\src\Components\Student\HomePageCalendar_Student\__test__\HomePageCalendar_Student.test.js:13:26)
    at Promise.then.completed (C:\Users\eleon\Desktop\PULSeBS_Group1\pulsebs_frontend\node_modules\jest-circus\build\utils.js:276:28)
    at new Promise (<anonymous>)
    at callAsyncCircusFn (C:\Users\eleon\Desktop\PULSeBS_Group1\pulsebs_frontend\node_modules\jest-circus\build\utils.js:216:10)
    at _callCircusTest (C:\Users\eleon\Desktop\PULSeBS_Group1\pulsebs_frontend\node_modules\jest-circus\build\run.js:212:40)
    at processTicksAndRejections (internal/process/task_queues.js:97:5)
    at _runTest (C:\Users\eleon\Desktop\PULSeBS_Group1\pulsebs_frontend\node_modules\jest-circus\build\run.js:149:3)
    at _runTestsForDescribeBlock (C:\Users\eleon\Desktop\PULSeBS_Group1\pulsebs_frontend\node_modules\jest-circus\build\run.js:63:9)
    at run (C:\Users\eleon\Desktop\PULSeBS_Group1\pulsebs_frontend\node_modules\jest-circus\build\run.js:25:3)
    at runAndTransformResultsToJestFormat (C:\Users\eleon\Desktop\PULSeBS_Group1\pulsebs_frontend\node_modules\jest-circus\build\legacy-code-todo-rewrite\jestAdapterInit.js:176:21)
    at jestAdapter (C:\Users\eleon\Desktop\PULSeBS_Group1\pulsebs_frontend\node_modules\jest-circus\build\legacy-code-todo-rewrite\jestAdapter.js:109:19)
    at runTestInternal (C:\Users\eleon\Desktop\PULSeBS_Group1\pulsebs_frontend\node_modules\jest-runner\build\runTest.js:380:16)
    at runTest (C:\Users\eleon\Desktop\PULSeBS_Group1\pulsebs_frontend\node_modules\jest-runner\build\runTest.js:472:34)
    at Object.worker (C:\Users\eleon\Desktop\PULSeBS_Group1\pulsebs_frontend\node_modules\jest-runner\build\testWorker.js:133:12)]]></failure>
    </testCase>
  </file>
  <file path="C:\Users\eleon\Desktop\PULSeBS_Group1\pulsebs_frontend\src\Components\Login\__test__\loginForm.test.js">
    <testCase name="Renders the Text" duration="47"/>
    <testCase name="Renders the Email input field" duration="9"/>
    <testCase name="Updates to Email input field" duration="11"/>
    <testCase name="Renders the Password input field" duration="6"/>
    <testCase name="Updates to Password input field" duration="10"/>
    <testCase name="Renders the Submit Button" duration="72"/>
    <testCase name="Test Button Click" duration="64">
      <failure message="TypeError: postLogin is not a function"><![CDATA[TypeError: postLogin is not a function
    at onClick (C:\Users\eleon\Desktop\PULSeBS_Group1\pulsebs_frontend\src\Components\Login\LoginForm\LoginForm.js:30:23)
    at HTMLUnknownElement.callCallback (C:\Users\eleon\Desktop\PULSeBS_Group1\pulsebs_frontend\node_modules\react-dom\cjs\react-dom.development.js:3945:14)
    at HTMLUnknownElement.callTheUserObjectsOperation (C:\Users\eleon\Desktop\PULSeBS_Group1\pulsebs_frontend\node_modules\jsdom\lib\jsdom\living\generated\EventListener.js:26:30)
    at innerInvokeEventListeners (C:\Users\eleon\Desktop\PULSeBS_Group1\pulsebs_frontend\node_modules\jsdom\lib\jsdom\living\events\EventTarget-impl.js:318:25)
    at invokeEventListeners (C:\Users\eleon\Desktop\PULSeBS_Group1\pulsebs_frontend\node_modules\jsdom\lib\jsdom\living\events\EventTarget-impl.js:274:3)
    at HTMLUnknownElementImpl._dispatch (C:\Users\eleon\Desktop\PULSeBS_Group1\pulsebs_frontend\node_modules\jsdom\lib\jsdom\living\events\EventTarget-impl.js:221:9)
    at HTMLUnknownElementImpl.dispatchEvent (C:\Users\eleon\Desktop\PULSeBS_Group1\pulsebs_frontend\node_modules\jsdom\lib\jsdom\living\events\EventTarget-impl.js:94:17)
    at HTMLUnknownElement.dispatchEvent (C:\Users\eleon\Desktop\PULSeBS_Group1\pulsebs_frontend\node_modules\jsdom\lib\jsdom\living\generated\EventTarget.js:231:34)
    at Object.invokeGuardedCallbackDev (C:\Users\eleon\Desktop\PULSeBS_Group1\pulsebs_frontend\node_modules\react-dom\cjs\react-dom.development.js:3994:16)
    at invokeGuardedCallback (C:\Users\eleon\Desktop\PULSeBS_Group1\pulsebs_frontend\node_modules\react-dom\cjs\react-dom.development.js:4056:31)
    at invokeGuardedCallbackAndCatchFirstError (C:\Users\eleon\Desktop\PULSeBS_Group1\pulsebs_frontend\node_modules\react-dom\cjs\react-dom.development.js:4070:25)
    at executeDispatch (C:\Users\eleon\Desktop\PULSeBS_Group1\pulsebs_frontend\node_modules\react-dom\cjs\react-dom.development.js:8243:3)
    at processDispatchQueueItemsInOrder (C:\Users\eleon\Desktop\PULSeBS_Group1\pulsebs_frontend\node_modules\react-dom\cjs\react-dom.development.js:8275:7)
    at processDispatchQueue (C:\Users\eleon\Desktop\PULSeBS_Group1\pulsebs_frontend\node_modules\react-dom\cjs\react-dom.development.js:8288:5)
    at dispatchEventsForPlugins (C:\Users\eleon\Desktop\PULSeBS_Group1\pulsebs_frontend\node_modules\react-dom\cjs\react-dom.development.js:8299:3)
    at C:\Users\eleon\Desktop\PULSeBS_Group1\pulsebs_frontend\node_modules\react-dom\cjs\react-dom.development.js:8508:12
    at batchedEventUpdates$1 (C:\Users\eleon\Desktop\PULSeBS_Group1\pulsebs_frontend\node_modules\react-dom\cjs\react-dom.development.js:22396:12)
    at batchedEventUpdates (C:\Users\eleon\Desktop\PULSeBS_Group1\pulsebs_frontend\node_modules\react-dom\cjs\react-dom.development.js:3745:12)
    at dispatchEventForPluginEventSystem (C:\Users\eleon\Desktop\PULSeBS_Group1\pulsebs_frontend\node_modules\react-dom\cjs\react-dom.development.js:8507:3)
    at attemptToDispatchEvent (C:\Users\eleon\Desktop\PULSeBS_Group1\pulsebs_frontend\node_modules\react-dom\cjs\react-dom.development.js:6005:3)
    at dispatchEvent (C:\Users\eleon\Desktop\PULSeBS_Group1\pulsebs_frontend\node_modules\react-dom\cjs\react-dom.development.js:5924:19)
    at unstable_runWithPriority (C:\Users\eleon\Desktop\PULSeBS_Group1\pulsebs_frontend\node_modules\scheduler\cjs\scheduler.development.js:646:12)
    at runWithPriority$1 (C:\Users\eleon\Desktop\PULSeBS_Group1\pulsebs_frontend\node_modules\react-dom\cjs\react-dom.development.js:11276:10)
    at discreteUpdates$1 (C:\Users\eleon\Desktop\PULSeBS_Group1\pulsebs_frontend\node_modules\react-dom\cjs\react-dom.development.js:22413:14)
    at discreteUpdates (C:\Users\eleon\Desktop\PULSeBS_Group1\pulsebs_frontend\node_modules\react-dom\cjs\react-dom.development.js:3756:12)
    at dispatchDiscreteEvent (C:\Users\eleon\Desktop\PULSeBS_Group1\pulsebs_frontend\node_modules\react-dom\cjs\react-dom.development.js:5889:3)
    at HTMLDivElement.callTheUserObjectsOperation (C:\Users\eleon\Desktop\PULSeBS_Group1\pulsebs_frontend\node_modules\jsdom\lib\jsdom\living\generated\EventListener.js:26:30)
    at innerInvokeEventListeners (C:\Users\eleon\Desktop\PULSeBS_Group1\pulsebs_frontend\node_modules\jsdom\lib\jsdom\living\events\EventTarget-impl.js:318:25)
    at invokeEventListeners (C:\Users\eleon\Desktop\PULSeBS_Group1\pulsebs_frontend\node_modules\jsdom\lib\jsdom\living\events\EventTarget-impl.js:274:3)
    at HTMLButtonElementImpl._dispatch (C:\Users\eleon\Desktop\PULSeBS_Group1\pulsebs_frontend\node_modules\jsdom\lib\jsdom\living\events\EventTarget-impl.js:221:9)
    at HTMLButtonElementImpl.dispatchEvent (C:\Users\eleon\Desktop\PULSeBS_Group1\pulsebs_frontend\node_modules\jsdom\lib\jsdom\living\events\EventTarget-impl.js:94:17)
    at HTMLButtonElement.dispatchEvent (C:\Users\eleon\Desktop\PULSeBS_Group1\pulsebs_frontend\node_modules\jsdom\lib\jsdom\living\generated\EventTarget.js:231:34)
    at C:\Users\eleon\Desktop\PULSeBS_Group1\pulsebs_frontend\node_modules\@testing-library\dom\dist\events.js:25:20
    at C:\Users\eleon\Desktop\PULSeBS_Group1\pulsebs_frontend\node_modules\@testing-library\react\dist\pure.js:64:16
    at batchedUpdates$1 (C:\Users\eleon\Desktop\PULSeBS_Group1\pulsebs_frontend\node_modules\react-dom\cjs\react-dom.development.js:22380:12)
    at act (C:\Users\eleon\Desktop\PULSeBS_Group1\pulsebs_frontend\node_modules\react-dom\cjs\react-dom-test-utils.development.js:1042:14)
    at Object.eventWrapper (C:\Users\eleon\Desktop\PULSeBS_Group1\pulsebs_frontend\node_modules\@testing-library\react\dist\pure.js:63:28)
    at fireEvent (C:\Users\eleon\Desktop\PULSeBS_Group1\pulsebs_frontend\node_modules\@testing-library\dom\dist\events.js:16:35)
    at Function.fireEvent.<computed> [as click] (C:\Users\eleon\Desktop\PULSeBS_Group1\pulsebs_frontend\node_modules\@testing-library\dom\dist\events.js:124:36)
    at Function.click (C:\Users\eleon\Desktop\PULSeBS_Group1\pulsebs_frontend\node_modules\@testing-library\react\dist\fire-event.js:18:52)
    at Object.<anonymous> (C:\Users\eleon\Desktop\PULSeBS_Group1\pulsebs_frontend\src\Components\Login\__test__\loginForm.test.js:53:13)
    at Promise.then.completed (C:\Users\eleon\Desktop\PULSeBS_Group1\pulsebs_frontend\node_modules\jest-circus\build\utils.js:276:28)
    at new Promise (<anonymous>)
    at callAsyncCircusFn (C:\Users\eleon\Desktop\PULSeBS_Group1\pulsebs_frontend\node_modules\jest-circus\build\utils.js:216:10)
    at _callCircusTest (C:\Users\eleon\Desktop\PULSeBS_Group1\pulsebs_frontend\node_modules\jest-circus\build\run.js:212:40)
    at processTicksAndRejections (internal/process/task_queues.js:97:5)
    at _runTest (C:\Users\eleon\Desktop\PULSeBS_Group1\pulsebs_frontend\node_modules\jest-circus\build\run.js:149:3)
    at _runTestsForDescribeBlock (C:\Users\eleon\Desktop\PULSeBS_Group1\pulsebs_frontend\node_modules\jest-circus\build\run.js:63:9)
    at run (C:\Users\eleon\Desktop\PULSeBS_Group1\pulsebs_frontend\node_modules\jest-circus\build\run.js:25:3)
    at runAndTransformResultsToJestFormat (C:\Users\eleon\Desktop\PULSeBS_Group1\pulsebs_frontend\node_modules\jest-circus\build\legacy-code-todo-rewrite\jestAdapterInit.js:176:21)
    at jestAdapter (C:\Users\eleon\Desktop\PULSeBS_Group1\pulsebs_frontend\node_modules\jest-circus\build\legacy-code-todo-rewrite\jestAdapter.js:109:19)
    at runTestInternal (C:\Users\eleon\Desktop\PULSeBS_Group1\pulsebs_frontend\node_modules\jest-runner\build\runTest.js:380:16)
    at runTest (C:\Users\eleon\Desktop\PULSeBS_Group1\pulsebs_frontend\node_modules\jest-runner\build\runTest.js:472:34)
    at Object.worker (C:\Users\eleon\Desktop\PULSeBS_Group1\pulsebs_frontend\node_modules\jest-runner\build\testWorker.js:133:12)]]></failure>
      <failure message="Error: expect(jest.fn()).toHaveBeenCalledTimes(expected)"><![CDATA[Error: expect(jest.fn()).toHaveBeenCalledTimes(expected)

Expected number of calls: 1
Received number of calls: 0
    at Object.<anonymous> (C:\Users\eleon\Desktop\PULSeBS_Group1\pulsebs_frontend\src\Components\Login\__test__\loginForm.test.js:54:21)
    at Promise.then.completed (C:\Users\eleon\Desktop\PULSeBS_Group1\pulsebs_frontend\node_modules\jest-circus\build\utils.js:276:28)
    at new Promise (<anonymous>)
    at callAsyncCircusFn (C:\Users\eleon\Desktop\PULSeBS_Group1\pulsebs_frontend\node_modules\jest-circus\build\utils.js:216:10)
    at _callCircusTest (C:\Users\eleon\Desktop\PULSeBS_Group1\pulsebs_frontend\node_modules\jest-circus\build\run.js:212:40)
    at processTicksAndRejections (internal/process/task_queues.js:97:5)
    at _runTest (C:\Users\eleon\Desktop\PULSeBS_Group1\pulsebs_frontend\node_modules\jest-circus\build\run.js:149:3)
    at _runTestsForDescribeBlock (C:\Users\eleon\Desktop\PULSeBS_Group1\pulsebs_frontend\node_modules\jest-circus\build\run.js:63:9)
    at run (C:\Users\eleon\Desktop\PULSeBS_Group1\pulsebs_frontend\node_modules\jest-circus\build\run.js:25:3)
    at runAndTransformResultsToJestFormat (C:\Users\eleon\Desktop\PULSeBS_Group1\pulsebs_frontend\node_modules\jest-circus\build\legacy-code-todo-rewrite\jestAdapterInit.js:176:21)
    at jestAdapter (C:\Users\eleon\Desktop\PULSeBS_Group1\pulsebs_frontend\node_modules\jest-circus\build\legacy-code-todo-rewrite\jestAdapter.js:109:19)
    at runTestInternal (C:\Users\eleon\Desktop\PULSeBS_Group1\pulsebs_frontend\node_modules\jest-runner\build\runTest.js:380:16)
    at runTest (C:\Users\eleon\Desktop\PULSeBS_Group1\pulsebs_frontend\node_modules\jest-runner\build\runTest.js:472:34)
    at Object.worker (C:\Users\eleon\Desktop\PULSeBS_Group1\pulsebs_frontend\node_modules\jest-runner\build\testWorker.js:133:12)]]></failure>
    </testCase>
  </file>
</testExecutions>