<?xml version="1.0" encoding="UTF-8"?>
<testExecutions version="1">
  <file path="C:\Users\eleon\Desktop\PULSeBS_Group1\pulsebs_frontend\src\App.test.js">
    <testCase name="renders learn react link" duration="3"/>
  </file>
  <file path="C:\Users\eleon\Desktop\PULSeBS_Group1\pulsebs_frontend\src\Components\__test__\components.test.js">
    <testCase name="renders App component" duration="33"/>
  </file>
  <file path="C:\Users\eleon\Desktop\PULSeBS_Group1\pulsebs_frontend\src\Components\Login\__test__\loginForm.test.js">
    <testCase name="Renders the Text" duration="54"/>
    <testCase name="Renders the Email input field" duration="8"/>
    <testCase name="Updates to Email input field" duration="11"/>
    <testCase name="Renders the Password input field" duration="7"/>
    <testCase name="Updates to Password input field" duration="8"/>
    <testCase name="Renders the Submit Button" duration="83"/>
    <testCase name="Test Button Click" duration="48"/>
  </file>
  <file path="C:\Users\eleon\Desktop\PULSeBS_Group1\pulsebs_frontend\src\Components\BookingManager\__test__\BookingManager_Page.test.js">
    <testCase name="Renders Booking Manager Header Correctly" duration="82"/>
    <testCase name="Check Monitor System Usage" duration="28"/>
    <testCase name="Check Contact Tracing" duration="14"/>
    <testCase name="Check Home Page" duration="11"/>
    <testCase name="Check Logout" duration="11"/>
  </file>
  <file path="C:\Users\eleon\Desktop\PULSeBS_Group1\pulsebs_frontend\src\Components\SuppOfficer\__test__\SuppOfficer_Page.test.js">
    <testCase name="Renders Booking Manager Header Correctly" duration="96"/>
    <testCase name="Check Change Configuration" duration="21"/>
    <testCase name="Check System Update" duration="13"/>
    <testCase name="Check System Setup" duration="13"/>
    <testCase name="Check Home Page" duration="9"/>
    <testCase name="Check Logout" duration="8"/>
  </file>
  <file path="C:\Users\eleon\Desktop\PULSeBS_Group1\pulsebs_frontend\src\Components\Professor\__test__\Professor_Page.test.js">
    <testCase name="Renders Professor Header Correctly" duration="39"/>
    <testCase name="Check Home Page" duration="19"/>
    <testCase name="Check My Lectures" duration="42"/>
    <testCase name="Check Register Attendance" duration="13"/>
    <testCase name="Check Statistics" duration="13"/>
    <testCase name="Check Tutorial" duration="10"/>
    <testCase name="Check Logout" duration="6"/>
  </file>
  <file path="C:\Users\eleon\Desktop\PULSeBS_Group1\pulsebs_frontend\src\Components\Student\__test__\Student_Page.test.js">
    <testCase name="Renders Student Header Correctly" duration="42"/>
    <testCase name="Check Book a Seat" duration="52"/>
    <testCase name="Check HomePage" duration="188"/>
    <testCase name="Check Tutorial" duration="64"/>
    <testCase name="Check Logout" duration="5"/>
  </file>
</testExecutions>