<?xml version="1.0" encoding="UTF-8"?>
<testExecutions version="1">
  <file path="C:\Users\eleon\Desktop\PULSeBS_Group1\pulsebs_frontend\src\App.test.js">
    <testCase name="renders learn react link" duration="3"/>
  </file>
  <file path="C:\Users\eleon\Desktop\PULSeBS_Group1\pulsebs_frontend\src\Components\Professor\__test__\professor.test.js">
    <testCase name="Testing correction of the rendering of LoginForm component renders LoginForm component" duration="40"/>
  </file>
  <file path="C:\Users\eleon\Desktop\PULSeBS_Group1\pulsebs_frontend\src\Components\__test__\components.test.js">
    <testCase name="App renders App component" duration="50"/>
  </file>
  <file path="C:\Users\eleon\Desktop\PULSeBS_Group1\pulsebs_frontend\src\Components\Login\__test__\loginForm.test.js">
    <testCase name="Renders the Text" duration="38"/>
    <testCase name="Renders the Email input field" duration="6"/>
    <testCase name="Updates to Email input field" duration="7"/>
    <testCase name="Renders the Password input field" duration="5"/>
    <testCase name="Updates to Password input field" duration="4"/>
    <testCase name="Renders the Submit Button" duration="79"/>
    <testCase name="Test Button Click" duration="22"/>
  </file>
  <file path="C:\Users\eleon\Desktop\PULSeBS_Group1\pulsebs_frontend\src\Components\Student\__test__\Student_Page.test.js">
    <testCase name="Renders Student Header Correctly" duration="34"/>
    <testCase name="Check Book a Seat" duration="52"/>
    <testCase name="Check HomePage" duration="184"/>
  </file>
</testExecutions>