<?xml version="1.0" encoding="UTF-8"?>
<testExecutions version="1">
  <file path="D:\Desktop\se2\setest\PULSeBS_Group1\pulsebs_frontend\src\Components\__test__\components.test.js">
    <testCase name="renders App component" duration="66"/>
  </file>
  <file path="D:\Desktop\se2\setest\PULSeBS_Group1\pulsebs_frontend\src\Components\BookingManager\__test__\BookingManager_Page.test.js">
    <testCase name="Renders Booking Manager Header Correctly" duration="112"/>
    <testCase name="Check Authentication Error" duration="48"/>
    <testCase name="Check Monitor System Usage" duration="33"/>
    <testCase name="Check Contact Tracing" duration="22"/>
    <testCase name="Check Home Page" duration="24"/>
    <testCase name="Check Logout" duration="49"/>
  </file>
  <file path="D:\Desktop\se2\setest\PULSeBS_Group1\pulsebs_frontend\src\Components\Login\__test__\loginForm.test.js">
    <testCase name="Renders the Text" duration="155"/>
    <testCase name="Renders the Email input field" duration="14"/>
    <testCase name="Updates to Email input field" duration="32"/>
    <testCase name="Renders the Password input field" duration="13"/>
    <testCase name="Updates to Password input field" duration="11"/>
    <testCase name="Renders the Submit Button" duration="213"/>
    <testCase name="Test Button Click" duration="58"/>
  </file>
  <file path="D:\Desktop\se2\setest\PULSeBS_Group1\pulsebs_frontend\src\Components\SuppOfficer\__test__\SuppOfficer_Page.test.js">
    <testCase name="Renders Booking Manager Header Correctly" duration="161"/>
    <testCase name="Check Authentication Error" duration="35"/>
    <testCase name="Check Change Configuration" duration="45"/>
    <testCase name="Check System Update" duration="39"/>
    <testCase name="Check System Setup" duration="42"/>
    <testCase name="Check Home Page" duration="27"/>
    <testCase name="Check Logout" duration="26"/>
  </file>
  <file path="D:\Desktop\se2\setest\PULSeBS_Group1\pulsebs_frontend\src\App.test.js">
    <testCase name="renders learn react link" duration="3"/>
  </file>
  <file path="D:\Desktop\se2\setest\PULSeBS_Group1\pulsebs_frontend\src\Components\Professor\__test__\Professor_Page.test.js">
    <testCase name="Renders Professor Header Correctly" duration="108"/>
    <testCase name="Check Authentication Error" duration="16"/>
    <testCase name="Check with Wrong Credentials" duration="8"/>
    <testCase name="Check Home Page" duration="29"/>
    <testCase name="Check My Lectures" duration="92"/>
    <testCase name="Check Register Attendance" duration="34"/>
    <testCase name="Check Statistics" duration="22"/>
    <testCase name="Check Tutorial" duration="20"/>
    <testCase name="Check Logout" duration="21"/>
  </file>
  <file path="D:\Desktop\se2\setest\PULSeBS_Group1\pulsebs_frontend\src\Components\Student\__test__\Student_Page.test.js">
    <testCase name="Renders Student Header Correctly" duration="184"/>
    <testCase name="Check with Wrong Credentials" duration="20"/>
    <testCase name="Check Book a Seat" duration="58"/>
    <testCase name="Check HomePage" duration="393"/>
    <testCase name="Check Tutorial" duration="131"/>
    <testCase name="Check Logout" duration="19"/>
  </file>
  <file path="D:\Desktop\se2\setest\PULSeBS_Group1\pulsebs_frontend\src\Components\Professor\MyLecturesProfessor\__test__\MyLecturesProfessor.test.js">
    <testCase name="LectureList" duration="245"/>
  </file>
</testExecutions>